{"/Users/jameswolfe/Desktop/University Work/calendar API/modules/auth.js":{"path":"/Users/jameswolfe/Desktop/University Work/calendar API/modules/auth.js","s":{"1":1,"2":1,"3":71,"4":71,"5":1,"6":71,"7":70,"8":1,"9":70,"10":1,"11":70,"12":70,"13":70,"14":70,"15":1,"16":70,"17":70,"18":1,"19":70},"b":{"1":[1,70],"2":[71,70],"3":[1,69],"4":[70,69],"5":[1,69]},"f":{},"fnMap":{},"statementMap":{"1":{"start":{"line":8,"column":0},"end":{"line":8,"column":32}},"2":{"start":{"line":16,"column":0},"end":{"line":25,"column":2}},"3":{"start":{"line":16,"column":38},"end":{"line":25,"column":2}},"4":{"start":{"line":17,"column":1},"end":{"line":19,"column":2}},"5":{"start":{"line":18,"column":2},"end":{"line":18,"column":125}},"6":{"start":{"line":20,"column":1},"end":{"line":20,"column":41}},"7":{"start":{"line":21,"column":1},"end":{"line":23,"column":2}},"8":{"start":{"line":22,"column":2},"end":{"line":22,"column":122}},"9":{"start":{"line":24,"column":1},"end":{"line":24,"column":60}},"10":{"start":{"line":33,"column":0},"end":{"line":37,"column":2}},"11":{"start":{"line":33,"column":36},"end":{"line":37,"column":2}},"12":{"start":{"line":34,"column":1},"end":{"line":34,"column":36}},"13":{"start":{"line":35,"column":1},"end":{"line":35,"column":67}},"14":{"start":{"line":36,"column":1},"end":{"line":36,"column":21}},"15":{"start":{"line":46,"column":0},"end":{"line":49,"column":2}},"16":{"start":{"line":46,"column":44},"end":{"line":49,"column":2}},"17":{"start":{"line":47,"column":1},"end":{"line":47,"column":54}},"18":{"start":{"line":47,"column":41},"end":{"line":47,"column":54}},"19":{"start":{"line":48,"column":1},"end":{"line":48,"column":14}}},"branchMap":{"1":{"line":17,"type":"if","locations":[{"start":{"line":17,"column":1},"end":{"line":17,"column":1}},{"start":{"line":17,"column":1},"end":{"line":17,"column":1}}]},"2":{"line":17,"type":"binary-expr","locations":[{"start":{"line":17,"column":4},"end":{"line":17,"column":39}},{"start":{"line":17,"column":43},"end":{"line":17,"column":84}}]},"3":{"line":21,"type":"if","locations":[{"start":{"line":21,"column":1},"end":{"line":21,"column":1}},{"start":{"line":21,"column":1},"end":{"line":21,"column":1}}]},"4":{"line":21,"type":"binary-expr","locations":[{"start":{"line":21,"column":4},"end":{"line":21,"column":31}},{"start":{"line":21,"column":35},"end":{"line":21,"column":62}}]},"5":{"line":47,"type":"if","locations":[{"start":{"line":47,"column":1},"end":{"line":47,"column":1}},{"start":{"line":47,"column":1},"end":{"line":47,"column":1}}]}}},"/Users/jameswolfe/Desktop/University Work/calendar API/calendar.js":{"path":"/Users/jameswolfe/Desktop/University Work/calendar API/calendar.js","s":{"1":1,"2":1,"3":1,"4":1,"5":1,"6":2,"7":2,"8":1,"9":1,"10":1,"11":0,"12":0,"13":0,"14":0,"15":0,"16":1,"17":26,"18":26,"19":26,"20":26,"21":0,"22":0,"23":1,"24":20,"25":20,"26":20,"27":20,"28":0,"29":0,"30":1,"31":9,"32":9,"33":9,"34":9,"35":0,"36":0,"37":1,"38":1,"39":1,"40":1,"41":1,"42":0,"43":0,"44":1,"45":7,"46":7,"47":7,"48":7,"49":0,"50":0,"51":1,"52":1,"53":1,"54":1,"55":1,"56":0,"57":0,"58":1,"59":1,"60":1,"61":1,"62":1,"63":0,"64":0,"65":1,"66":3,"67":3,"68":3,"69":2,"70":2,"71":2,"72":1,"73":2,"74":2,"75":1,"76":3,"77":3,"78":2,"79":2,"80":1,"81":2,"82":1,"83":3,"84":3,"85":2,"86":2,"87":1,"88":2,"89":1,"90":3,"91":3,"92":2,"93":2,"94":1,"95":2,"96":1,"97":68,"98":68,"99":68,"100":68,"101":68,"102":68,"103":68,"104":68,"105":68,"106":0,"107":0},"b":{},"f":{},"fnMap":{},"statementMap":{"1":{"start":{"line":8,"column":0},"end":{"line":8,"column":50}},"2":{"start":{"line":9,"column":0},"end":{"line":9,"column":42}},"3":{"start":{"line":10,"column":0},"end":{"line":10,"column":39}},"4":{"start":{"line":11,"column":0},"end":{"line":11,"column":38}},"5":{"start":{"line":14,"column":0},"end":{"line":20,"column":2}},"6":{"start":{"line":14,"column":34},"end":{"line":20,"column":2}},"7":{"start":{"line":15,"column":1},"end":{"line":19,"column":3}},"8":{"start":{"line":16,"column":19},"end":{"line":16,"column":36}},"9":{"start":{"line":18,"column":2},"end":{"line":18,"column":13}},"10":{"start":{"line":22,"column":0},"end":{"line":29,"column":2}},"11":{"start":{"line":22,"column":33},"end":{"line":29,"column":2}},"12":{"start":{"line":23,"column":1},"end":{"line":28,"column":3}},"13":{"start":{"line":24,"column":19},"end":{"line":24,"column":36}},"14":{"start":{"line":26,"column":2},"end":{"line":26,"column":18}},"15":{"start":{"line":27,"column":2},"end":{"line":27,"column":13}},"16":{"start":{"line":37,"column":0},"end":{"line":45,"column":2}},"17":{"start":{"line":37,"column":41},"end":{"line":45,"column":2}},"18":{"start":{"line":38,"column":1},"end":{"line":44,"column":3}},"19":{"start":{"line":39,"column":13},"end":{"line":39,"column":85}},"20":{"start":{"line":40,"column":17},"end":{"line":40,"column":32}},"21":{"start":{"line":42,"column":2},"end":{"line":42,"column":18}},"22":{"start":{"line":43,"column":2},"end":{"line":43,"column":13}},"23":{"start":{"line":53,"column":0},"end":{"line":61,"column":2}},"24":{"start":{"line":53,"column":44},"end":{"line":61,"column":2}},"25":{"start":{"line":54,"column":1},"end":{"line":60,"column":3}},"26":{"start":{"line":55,"column":13},"end":{"line":55,"column":74}},"27":{"start":{"line":56,"column":17},"end":{"line":56,"column":32}},"28":{"start":{"line":58,"column":2},"end":{"line":58,"column":18}},"29":{"start":{"line":59,"column":2},"end":{"line":59,"column":13}},"30":{"start":{"line":69,"column":0},"end":{"line":77,"column":2}},"31":{"start":{"line":69,"column":42},"end":{"line":77,"column":2}},"32":{"start":{"line":70,"column":1},"end":{"line":76,"column":3}},"33":{"start":{"line":71,"column":13},"end":{"line":71,"column":75}},"34":{"start":{"line":72,"column":17},"end":{"line":72,"column":32}},"35":{"start":{"line":74,"column":2},"end":{"line":74,"column":18}},"36":{"start":{"line":75,"column":2},"end":{"line":75,"column":13}},"37":{"start":{"line":85,"column":0},"end":{"line":93,"column":2}},"38":{"start":{"line":85,"column":38},"end":{"line":93,"column":2}},"39":{"start":{"line":86,"column":1},"end":{"line":92,"column":3}},"40":{"start":{"line":87,"column":13},"end":{"line":87,"column":92}},"41":{"start":{"line":88,"column":17},"end":{"line":88,"column":32}},"42":{"start":{"line":90,"column":2},"end":{"line":90,"column":18}},"43":{"start":{"line":91,"column":2},"end":{"line":91,"column":13}},"44":{"start":{"line":102,"column":0},"end":{"line":110,"column":2}},"45":{"start":{"line":102,"column":44},"end":{"line":110,"column":2}},"46":{"start":{"line":103,"column":1},"end":{"line":109,"column":3}},"47":{"start":{"line":104,"column":13},"end":{"line":104,"column":97}},"48":{"start":{"line":105,"column":17},"end":{"line":105,"column":32}},"49":{"start":{"line":107,"column":2},"end":{"line":107,"column":18}},"50":{"start":{"line":108,"column":2},"end":{"line":108,"column":13}},"51":{"start":{"line":118,"column":0},"end":{"line":126,"column":2}},"52":{"start":{"line":118,"column":41},"end":{"line":126,"column":2}},"53":{"start":{"line":119,"column":1},"end":{"line":125,"column":3}},"54":{"start":{"line":120,"column":13},"end":{"line":120,"column":105}},"55":{"start":{"line":121,"column":17},"end":{"line":121,"column":32}},"56":{"start":{"line":123,"column":2},"end":{"line":123,"column":18}},"57":{"start":{"line":124,"column":2},"end":{"line":124,"column":13}},"58":{"start":{"line":134,"column":0},"end":{"line":142,"column":2}},"59":{"start":{"line":134,"column":41},"end":{"line":142,"column":2}},"60":{"start":{"line":135,"column":1},"end":{"line":141,"column":3}},"61":{"start":{"line":136,"column":13},"end":{"line":136,"column":91}},"62":{"start":{"line":137,"column":17},"end":{"line":137,"column":32}},"63":{"start":{"line":139,"column":2},"end":{"line":139,"column":18}},"64":{"start":{"line":140,"column":2},"end":{"line":140,"column":13}},"65":{"start":{"line":151,"column":0},"end":{"line":164,"column":2}},"66":{"start":{"line":151,"column":33},"end":{"line":164,"column":2}},"67":{"start":{"line":152,"column":1},"end":{"line":163,"column":3}},"68":{"start":{"line":153,"column":13},"end":{"line":153,"column":92}},"69":{"start":{"line":155,"column":2},"end":{"line":155,"column":46}},"70":{"start":{"line":156,"column":2},"end":{"line":156,"column":38}},"71":{"start":{"line":157,"column":2},"end":{"line":157,"column":62}},"72":{"start":{"line":159,"column":20},"end":{"line":159,"column":38}},"73":{"start":{"line":161,"column":2},"end":{"line":161,"column":18}},"74":{"start":{"line":162,"column":2},"end":{"line":162,"column":13}},"75":{"start":{"line":172,"column":0},"end":{"line":182,"column":2}},"76":{"start":{"line":172,"column":37},"end":{"line":182,"column":2}},"77":{"start":{"line":173,"column":1},"end":{"line":181,"column":3}},"78":{"start":{"line":175,"column":2},"end":{"line":175,"column":96}},"79":{"start":{"line":176,"column":2},"end":{"line":176,"column":68}},"80":{"start":{"line":178,"column":16},"end":{"line":178,"column":30}},"81":{"start":{"line":180,"column":2},"end":{"line":180,"column":13}},"82":{"start":{"line":190,"column":0},"end":{"line":200,"column":2}},"83":{"start":{"line":190,"column":35},"end":{"line":200,"column":2}},"84":{"start":{"line":191,"column":1},"end":{"line":199,"column":3}},"85":{"start":{"line":193,"column":2},"end":{"line":193,"column":96}},"86":{"start":{"line":194,"column":2},"end":{"line":194,"column":71}},"87":{"start":{"line":196,"column":19},"end":{"line":196,"column":36}},"88":{"start":{"line":198,"column":2},"end":{"line":198,"column":13}},"89":{"start":{"line":208,"column":0},"end":{"line":218,"column":2}},"90":{"start":{"line":208,"column":35},"end":{"line":218,"column":2}},"91":{"start":{"line":209,"column":1},"end":{"line":217,"column":3}},"92":{"start":{"line":211,"column":2},"end":{"line":211,"column":96}},"93":{"start":{"line":212,"column":2},"end":{"line":212,"column":71}},"94":{"start":{"line":214,"column":19},"end":{"line":214,"column":36}},"95":{"start":{"line":216,"column":2},"end":{"line":216,"column":13}},"96":{"start":{"line":228,"column":0},"end":{"line":247,"column":2}},"97":{"start":{"line":228,"column":34},"end":{"line":247,"column":2}},"98":{"start":{"line":229,"column":1},"end":{"line":246,"column":3}},"99":{"start":{"line":231,"column":2},"end":{"line":231,"column":38}},"100":{"start":{"line":232,"column":2},"end":{"line":232,"column":35}},"101":{"start":{"line":235,"column":2},"end":{"line":235,"column":38}},"102":{"start":{"line":236,"column":2},"end":{"line":236,"column":39}},"103":{"start":{"line":239,"column":2},"end":{"line":239,"column":34}},"104":{"start":{"line":240,"column":2},"end":{"line":240,"column":48}},"105":{"start":{"line":242,"column":20},"end":{"line":242,"column":38}},"106":{"start":{"line":244,"column":2},"end":{"line":244,"column":18}},"107":{"start":{"line":245,"column":2},"end":{"line":245,"column":13}}},"branchMap":{}},"/Users/jameswolfe/Desktop/University Work/calendar API/modules/directions.js":{"path":"/Users/jameswolfe/Desktop/University Work/calendar API/modules/directions.js","s":{"1":1,"2":1,"3":4,"4":4,"5":4,"6":2,"7":4,"8":1,"9":4,"10":4,"11":4,"12":2,"13":4,"14":1,"15":4,"16":4,"17":4,"18":2,"19":4,"20":1,"21":12,"22":12,"23":12,"24":12,"25":12,"26":6,"27":6},"b":{"1":[2,2],"2":[2,2],"3":[2,2],"4":[6,6]},"f":{"1":4,"2":4,"3":4,"4":12},"fnMap":{"1":{"name":"(anonymous_1)","line":18,"loc":{"start":{"line":18,"column":21},"end":{"line":18,"column":41}}},"2":{"name":"(anonymous_2)","line":32,"loc":{"start":{"line":32,"column":21},"end":{"line":32,"column":41}}},"3":{"name":"(anonymous_3)","line":46,"loc":{"start":{"line":46,"column":21},"end":{"line":46,"column":41}}},"4":{"name":"apiCall","line":59,"loc":{"start":{"line":59,"column":0},"end":{"line":59,"column":39}}}},"statementMap":{"1":{"start":{"line":8,"column":0},"end":{"line":8,"column":36}},"2":{"start":{"line":17,"column":0},"end":{"line":22,"column":2}},"3":{"start":{"line":17,"column":35},"end":{"line":22,"column":2}},"4":{"start":{"line":18,"column":1},"end":{"line":21,"column":3}},"5":{"start":{"line":19,"column":2},"end":{"line":19,"column":21}},"6":{"start":{"line":19,"column":10},"end":{"line":19,"column":21}},"7":{"start":{"line":20,"column":2},"end":{"line":20,"column":48}},"8":{"start":{"line":31,"column":0},"end":{"line":36,"column":2}},"9":{"start":{"line":31,"column":35},"end":{"line":36,"column":2}},"10":{"start":{"line":32,"column":1},"end":{"line":35,"column":3}},"11":{"start":{"line":33,"column":2},"end":{"line":33,"column":21}},"12":{"start":{"line":33,"column":10},"end":{"line":33,"column":21}},"13":{"start":{"line":34,"column":2},"end":{"line":34,"column":48}},"14":{"start":{"line":45,"column":0},"end":{"line":50,"column":2}},"15":{"start":{"line":45,"column":32},"end":{"line":50,"column":2}},"16":{"start":{"line":46,"column":1},"end":{"line":49,"column":3}},"17":{"start":{"line":47,"column":2},"end":{"line":47,"column":21}},"18":{"start":{"line":47,"column":10},"end":{"line":47,"column":21}},"19":{"start":{"line":48,"column":2},"end":{"line":48,"column":39}},"20":{"start":{"line":59,"column":0},"end":{"line":66,"column":1}},"21":{"start":{"line":60,"column":1},"end":{"line":60,"column":73}},"22":{"start":{"line":61,"column":1},"end":{"line":61,"column":36}},"23":{"start":{"line":62,"column":1},"end":{"line":62,"column":29}},"24":{"start":{"line":63,"column":1},"end":{"line":63,"column":56}},"25":{"start":{"line":64,"column":1},"end":{"line":64,"column":83}},"26":{"start":{"line":64,"column":33},"end":{"line":64,"column":83}},"27":{"start":{"line":65,"column":1},"end":{"line":65,"column":28}}},"branchMap":{"1":{"line":19,"type":"if","locations":[{"start":{"line":19,"column":2},"end":{"line":19,"column":2}},{"start":{"line":19,"column":2},"end":{"line":19,"column":2}}]},"2":{"line":33,"type":"if","locations":[{"start":{"line":33,"column":2},"end":{"line":33,"column":2}},{"start":{"line":33,"column":2},"end":{"line":33,"column":2}}]},"3":{"line":47,"type":"if","locations":[{"start":{"line":47,"column":2},"end":{"line":47,"column":2}},{"start":{"line":47,"column":2},"end":{"line":47,"column":2}}]},"4":{"line":64,"type":"if","locations":[{"start":{"line":64,"column":1},"end":{"line":64,"column":1}},{"start":{"line":64,"column":1},"end":{"line":64,"column":1}}]}}},"/Users/jameswolfe/Desktop/University Work/calendar API/modules/events.js":{"path":"/Users/jameswolfe/Desktop/University Work/calendar API/modules/events.js","s":{"1":1,"2":1,"3":5,"4":5,"5":5,"6":5,"7":2,"8":5,"9":4,"10":4,"11":3,"12":1,"13":5,"14":5,"15":5,"16":5,"17":5,"18":5,"19":2,"20":3,"21":3,"22":3},"b":{"1":[2,3],"2":[2,3]},"f":{"1":5,"2":4,"3":5},"fnMap":{"1":{"name":"(anonymous_1)","line":20,"loc":{"start":{"line":20,"column":21},"end":{"line":20,"column":46}}},"2":{"name":"(anonymous_2)","line":22,"loc":{"start":{"line":22,"column":20},"end":{"line":22,"column":36}}},"3":{"name":"apiCall","line":37,"loc":{"start":{"line":37,"column":0},"end":{"line":37,"column":39}}}},"statementMap":{"1":{"start":{"line":9,"column":0},"end":{"line":9,"column":36}},"2":{"start":{"line":18,"column":0},"end":{"line":28,"column":2}},"3":{"start":{"line":18,"column":33},"end":{"line":28,"column":2}},"4":{"start":{"line":19,"column":1},"end":{"line":19,"column":21}},"5":{"start":{"line":20,"column":1},"end":{"line":27,"column":3}},"6":{"start":{"line":21,"column":2},"end":{"line":21,"column":21}},"7":{"start":{"line":21,"column":10},"end":{"line":21,"column":21}},"8":{"start":{"line":22,"column":2},"end":{"line":25,"column":4}},"9":{"start":{"line":23,"column":3},"end":{"line":23,"column":126}},"10":{"start":{"line":24,"column":3},"end":{"line":24,"column":28}},"11":{"start":{"line":26,"column":2},"end":{"line":26,"column":20}},"12":{"start":{"line":37,"column":0},"end":{"line":47,"column":1}},"13":{"start":{"line":38,"column":1},"end":{"line":38,"column":33}},"14":{"start":{"line":39,"column":1},"end":{"line":39,"column":57}},"15":{"start":{"line":40,"column":1},"end":{"line":40,"column":78}},"16":{"start":{"line":41,"column":1},"end":{"line":41,"column":171}},"17":{"start":{"line":42,"column":1},"end":{"line":42,"column":29}},"18":{"start":{"line":43,"column":1},"end":{"line":43,"column":128}},"19":{"start":{"line":43,"column":28},"end":{"line":43,"column":128}},"20":{"start":{"line":44,"column":1},"end":{"line":44,"column":56}},"21":{"start":{"line":45,"column":1},"end":{"line":45,"column":30}},"22":{"start":{"line":46,"column":1},"end":{"line":46,"column":33}}},"branchMap":{"1":{"line":21,"type":"if","locations":[{"start":{"line":21,"column":2},"end":{"line":21,"column":2}},{"start":{"line":21,"column":2},"end":{"line":21,"column":2}}]},"2":{"line":43,"type":"if","locations":[{"start":{"line":43,"column":1},"end":{"line":43,"column":1}},{"start":{"line":43,"column":1},"end":{"line":43,"column":1}}]}}},"/Users/jameswolfe/Desktop/University Work/calendar API/modules/data.js":{"path":"/Users/jameswolfe/Desktop/University Work/calendar API/modules/data.js","s":{"1":1,"2":1,"3":1,"4":82,"5":2,"6":2,"7":80,"8":1,"9":1,"10":79,"11":1,"12":1,"13":78,"14":1,"15":1,"16":77,"17":1,"18":1,"19":76,"20":1,"21":2,"22":2,"23":1,"24":2,"25":2,"26":2,"27":0,"28":2,"29":1,"30":68,"31":68,"32":68,"33":0,"34":68,"35":68,"36":68,"37":1,"38":1,"39":1,"40":1,"41":0,"42":1,"43":1,"44":35,"45":35,"46":35,"47":0,"48":35,"49":1,"50":78,"51":78,"52":78,"53":5,"54":73,"55":73,"56":73,"57":73,"58":73,"59":0,"60":73,"61":1,"62":14,"63":14,"64":14,"65":0,"66":14,"67":1,"68":3,"69":3,"70":3,"71":0,"72":3,"73":1,"74":3,"75":1,"76":4,"77":4,"78":4,"79":1,"80":4,"81":4,"82":4,"83":0,"84":4,"85":1,"86":4,"87":1,"88":10,"89":10,"90":1,"91":10,"92":10,"93":10,"94":10,"95":10,"96":0,"97":10,"98":2,"99":10,"100":1,"101":13,"102":13,"103":13,"104":0,"105":13,"106":4,"107":13},"b":{"1":[2,80],"2":[1,79],"3":[1,78],"4":[1,77],"5":[1,76],"6":[1,1],"7":[2,1],"8":[0,2],"9":[0,68],"10":[68,0],"11":[0,1],"12":[0,35],"13":[5,73],"14":[0,73],"15":[0,14],"16":[0,3],"17":[1,2],"18":[1,3],"19":[0,4],"20":[1,3],"21":[1,9],"22":[0,10],"23":[2,8],"24":[10,10],"25":[0,13],"26":[4,9]},"f":{"1":82,"2":2,"3":68,"4":1,"5":35,"6":73,"7":14,"8":3,"9":4,"10":10,"11":13},"fnMap":{"1":{"name":"validateAppointment","line":17,"loc":{"start":{"line":17,"column":0},"end":{"line":17,"column":42}}},"2":{"name":"(anonymous_2)","line":55,"loc":{"start":{"line":55,"column":14},"end":{"line":55,"column":28}}},"3":{"name":"(anonymous_3)","line":68,"loc":{"start":{"line":68,"column":48},"end":{"line":68,"column":68}}},"4":{"name":"(anonymous_4)","line":82,"loc":{"start":{"line":82,"column":51},"end":{"line":82,"column":73}}},"5":{"name":"(anonymous_5)","line":96,"loc":{"start":{"line":96,"column":52},"end":{"line":96,"column":66}}},"6":{"name":"(anonymous_6)","line":125,"loc":{"start":{"line":125,"column":22},"end":{"line":125,"column":36}}},"7":{"name":"(anonymous_7)","line":139,"loc":{"start":{"line":139,"column":45},"end":{"line":139,"column":73}}},"8":{"name":"(anonymous_8)","line":154,"loc":{"start":{"line":154,"column":69},"end":{"line":154,"column":93}}},"9":{"name":"(anonymous_9)","line":176,"loc":{"start":{"line":176,"column":227},"end":{"line":176,"column":253}}},"10":{"name":"(anonymous_10)","line":198,"loc":{"start":{"line":198,"column":87},"end":{"line":198,"column":120}}},"11":{"name":"(anonymous_11)","line":214,"loc":{"start":{"line":214,"column":60},"end":{"line":214,"column":84}}}},"statementMap":{"1":{"start":{"line":8,"column":0},"end":{"line":8,"column":42}},"2":{"start":{"line":9,"column":0},"end":{"line":9,"column":30}},"3":{"start":{"line":17,"column":0},"end":{"line":39,"column":1}},"4":{"start":{"line":18,"column":1},"end":{"line":21,"column":2}},"5":{"start":{"line":19,"column":2},"end":{"line":19,"column":34}},"6":{"start":{"line":20,"column":2},"end":{"line":20,"column":14}},"7":{"start":{"line":22,"column":1},"end":{"line":25,"column":2}},"8":{"start":{"line":23,"column":2},"end":{"line":23,"column":37}},"9":{"start":{"line":24,"column":2},"end":{"line":24,"column":14}},"10":{"start":{"line":26,"column":3},"end":{"line":29,"column":4}},"11":{"start":{"line":27,"column":7},"end":{"line":27,"column":45}},"12":{"start":{"line":28,"column":7},"end":{"line":28,"column":19}},"13":{"start":{"line":30,"column":3},"end":{"line":33,"column":2}},"14":{"start":{"line":31,"column":5},"end":{"line":31,"column":44}},"15":{"start":{"line":32,"column":6},"end":{"line":32,"column":18}},"16":{"start":{"line":34,"column":1},"end":{"line":37,"column":2}},"17":{"start":{"line":35,"column":2},"end":{"line":35,"column":41}},"18":{"start":{"line":36,"column":2},"end":{"line":36,"column":14}},"19":{"start":{"line":38,"column":1},"end":{"line":38,"column":12}},"20":{"start":{"line":47,"column":0},"end":{"line":59,"column":2}},"21":{"start":{"line":47,"column":28},"end":{"line":59,"column":2}},"22":{"start":{"line":48,"column":1},"end":{"line":50,"column":2}},"23":{"start":{"line":49,"column":2},"end":{"line":49,"column":130}},"24":{"start":{"line":51,"column":1},"end":{"line":54,"column":3}},"25":{"start":{"line":55,"column":1},"end":{"line":58,"column":3}},"26":{"start":{"line":56,"column":4},"end":{"line":56,"column":23}},"27":{"start":{"line":56,"column":12},"end":{"line":56,"column":23}},"28":{"start":{"line":57,"column":2},"end":{"line":57,"column":15}},"29":{"start":{"line":67,"column":0},"end":{"line":73,"column":2}},"30":{"start":{"line":67,"column":35},"end":{"line":73,"column":2}},"31":{"start":{"line":68,"column":1},"end":{"line":72,"column":3}},"32":{"start":{"line":69,"column":2},"end":{"line":69,"column":21}},"33":{"start":{"line":69,"column":10},"end":{"line":69,"column":21}},"34":{"start":{"line":70,"column":2},"end":{"line":70,"column":31}},"35":{"start":{"line":70,"column":18},"end":{"line":70,"column":31}},"36":{"start":{"line":71,"column":2},"end":{"line":71,"column":116}},"37":{"start":{"line":81,"column":0},"end":{"line":87,"column":2}},"38":{"start":{"line":81,"column":42},"end":{"line":87,"column":2}},"39":{"start":{"line":82,"column":1},"end":{"line":86,"column":3}},"40":{"start":{"line":84,"column":4},"end":{"line":84,"column":23},"skip":true},"41":{"start":{"line":84,"column":12},"end":{"line":84,"column":23},"skip":true},"42":{"start":{"line":85,"column":4},"end":{"line":85,"column":19}},"43":{"start":{"line":95,"column":0},"end":{"line":101,"column":2}},"44":{"start":{"line":95,"column":42},"end":{"line":101,"column":2}},"45":{"start":{"line":96,"column":1},"end":{"line":100,"column":3}},"46":{"start":{"line":98,"column":4},"end":{"line":98,"column":23},"skip":true},"47":{"start":{"line":98,"column":12},"end":{"line":98,"column":23},"skip":true},"48":{"start":{"line":99,"column":4},"end":{"line":99,"column":109}},"49":{"start":{"line":109,"column":0},"end":{"line":130,"column":2}},"50":{"start":{"line":109,"column":45},"end":{"line":130,"column":2}},"51":{"start":{"line":110,"column":3},"end":{"line":110,"column":42}},"52":{"start":{"line":111,"column":3},"end":{"line":129,"column":2}},"53":{"start":{"line":112,"column":5},"end":{"line":112,"column":133}},"54":{"start":{"line":114,"column":2},"end":{"line":114,"column":34}},"55":{"start":{"line":115,"column":4},"end":{"line":115,"column":31}},"56":{"start":{"line":116,"column":2},"end":{"line":124,"column":4}},"57":{"start":{"line":125,"column":2},"end":{"line":128,"column":4}},"58":{"start":{"line":126,"column":5},"end":{"line":126,"column":24}},"59":{"start":{"line":126,"column":13},"end":{"line":126,"column":24}},"60":{"start":{"line":127,"column":3},"end":{"line":127,"column":26}},"61":{"start":{"line":138,"column":0},"end":{"line":144,"column":2}},"62":{"start":{"line":138,"column":43},"end":{"line":144,"column":2}},"63":{"start":{"line":139,"column":1},"end":{"line":143,"column":3}},"64":{"start":{"line":141,"column":4},"end":{"line":141,"column":23},"skip":true},"65":{"start":{"line":141,"column":12},"end":{"line":141,"column":23},"skip":true},"66":{"start":{"line":142,"column":4},"end":{"line":142,"column":25}},"67":{"start":{"line":153,"column":0},"end":{"line":160,"column":2}},"68":{"start":{"line":153,"column":50},"end":{"line":160,"column":2}},"69":{"start":{"line":154,"column":1},"end":{"line":159,"column":3}},"70":{"start":{"line":156,"column":2},"end":{"line":156,"column":21},"skip":true},"71":{"start":{"line":156,"column":10},"end":{"line":156,"column":21},"skip":true},"72":{"start":{"line":157,"column":2},"end":{"line":157,"column":131}},"73":{"start":{"line":157,"column":16},"end":{"line":157,"column":131}},"74":{"start":{"line":158,"column":2},"end":{"line":158,"column":111}},"75":{"start":{"line":170,"column":0},"end":{"line":182,"column":2}},"76":{"start":{"line":170,"column":56},"end":{"line":182,"column":2}},"77":{"start":{"line":171,"column":3},"end":{"line":171,"column":42}},"78":{"start":{"line":172,"column":3},"end":{"line":174,"column":4}},"79":{"start":{"line":173,"column":5},"end":{"line":173,"column":133}},"80":{"start":{"line":175,"column":1},"end":{"line":175,"column":33}},"81":{"start":{"line":176,"column":1},"end":{"line":181,"column":3}},"82":{"start":{"line":178,"column":2},"end":{"line":178,"column":21},"skip":true},"83":{"start":{"line":178,"column":10},"end":{"line":178,"column":21},"skip":true},"84":{"start":{"line":179,"column":2},"end":{"line":179,"column":133}},"85":{"start":{"line":179,"column":18},"end":{"line":179,"column":133}},"86":{"start":{"line":180,"column":4},"end":{"line":180,"column":110}},"87":{"start":{"line":191,"column":0},"end":{"line":204,"column":2}},"88":{"start":{"line":191,"column":56},"end":{"line":204,"column":2}},"89":{"start":{"line":192,"column":1},"end":{"line":194,"column":2}},"90":{"start":{"line":193,"column":2},"end":{"line":193,"column":109}},"91":{"start":{"line":195,"column":1},"end":{"line":195,"column":32}},"92":{"start":{"line":196,"column":1},"end":{"line":196,"column":95}},"93":{"start":{"line":197,"column":1},"end":{"line":197,"column":107}},"94":{"start":{"line":198,"column":1},"end":{"line":203,"column":3}},"95":{"start":{"line":200,"column":2},"end":{"line":200,"column":21},"skip":true},"96":{"start":{"line":200,"column":10},"end":{"line":200,"column":21},"skip":true},"97":{"start":{"line":201,"column":2},"end":{"line":201,"column":201}},"98":{"start":{"line":201,"column":72},"end":{"line":201,"column":201}},"99":{"start":{"line":202,"column":2},"end":{"line":202,"column":28}},"100":{"start":{"line":213,"column":0},"end":{"line":220,"column":2}},"101":{"start":{"line":213,"column":51},"end":{"line":220,"column":2}},"102":{"start":{"line":214,"column":1},"end":{"line":219,"column":3}},"103":{"start":{"line":216,"column":2},"end":{"line":216,"column":21},"skip":true},"104":{"start":{"line":216,"column":10},"end":{"line":216,"column":21},"skip":true},"105":{"start":{"line":217,"column":2},"end":{"line":217,"column":131}},"106":{"start":{"line":217,"column":16},"end":{"line":217,"column":131}},"107":{"start":{"line":218,"column":5},"end":{"line":218,"column":22}}},"branchMap":{"1":{"line":18,"type":"if","locations":[{"start":{"line":18,"column":1},"end":{"line":18,"column":1}},{"start":{"line":18,"column":1},"end":{"line":18,"column":1}}]},"2":{"line":22,"type":"if","locations":[{"start":{"line":22,"column":1},"end":{"line":22,"column":1}},{"start":{"line":22,"column":1},"end":{"line":22,"column":1}}]},"3":{"line":26,"type":"if","locations":[{"start":{"line":26,"column":3},"end":{"line":26,"column":3}},{"start":{"line":26,"column":3},"end":{"line":26,"column":3}}]},"4":{"line":30,"type":"if","locations":[{"start":{"line":30,"column":3},"end":{"line":30,"column":3}},{"start":{"line":30,"column":3},"end":{"line":30,"column":3}}]},"5":{"line":34,"type":"if","locations":[{"start":{"line":34,"column":1},"end":{"line":34,"column":1}},{"start":{"line":34,"column":1},"end":{"line":34,"column":1}}]},"6":{"line":48,"type":"if","locations":[{"start":{"line":48,"column":1},"end":{"line":48,"column":1}},{"start":{"line":48,"column":1},"end":{"line":48,"column":1}}]},"7":{"line":48,"type":"binary-expr","locations":[{"start":{"line":48,"column":4},"end":{"line":48,"column":37}},{"start":{"line":48,"column":41},"end":{"line":48,"column":74}}]},"8":{"line":56,"type":"if","locations":[{"start":{"line":56,"column":4},"end":{"line":56,"column":4}},{"start":{"line":56,"column":4},"end":{"line":56,"column":4}}]},"9":{"line":69,"type":"if","locations":[{"start":{"line":69,"column":2},"end":{"line":69,"column":2}},{"start":{"line":69,"column":2},"end":{"line":69,"column":2}}]},"10":{"line":70,"type":"if","locations":[{"start":{"line":70,"column":2},"end":{"line":70,"column":2}},{"start":{"line":70,"column":2},"end":{"line":70,"column":2}}]},"11":{"line":84,"type":"if","locations":[{"start":{"line":84,"column":4},"end":{"line":84,"column":4},"skip":true},{"start":{"line":84,"column":4},"end":{"line":84,"column":4},"skip":true}]},"12":{"line":98,"type":"if","locations":[{"start":{"line":98,"column":4},"end":{"line":98,"column":4},"skip":true},{"start":{"line":98,"column":4},"end":{"line":98,"column":4},"skip":true}]},"13":{"line":111,"type":"if","locations":[{"start":{"line":111,"column":3},"end":{"line":111,"column":3}},{"start":{"line":111,"column":3},"end":{"line":111,"column":3}}]},"14":{"line":126,"type":"if","locations":[{"start":{"line":126,"column":5},"end":{"line":126,"column":5}},{"start":{"line":126,"column":5},"end":{"line":126,"column":5}}]},"15":{"line":141,"type":"if","locations":[{"start":{"line":141,"column":4},"end":{"line":141,"column":4},"skip":true},{"start":{"line":141,"column":4},"end":{"line":141,"column":4},"skip":true}]},"16":{"line":156,"type":"if","locations":[{"start":{"line":156,"column":2},"end":{"line":156,"column":2},"skip":true},{"start":{"line":156,"column":2},"end":{"line":156,"column":2},"skip":true}]},"17":{"line":157,"type":"if","locations":[{"start":{"line":157,"column":2},"end":{"line":157,"column":2}},{"start":{"line":157,"column":2},"end":{"line":157,"column":2}}]},"18":{"line":172,"type":"if","locations":[{"start":{"line":172,"column":3},"end":{"line":172,"column":3}},{"start":{"line":172,"column":3},"end":{"line":172,"column":3}}]},"19":{"line":178,"type":"if","locations":[{"start":{"line":178,"column":2},"end":{"line":178,"column":2},"skip":true},{"start":{"line":178,"column":2},"end":{"line":178,"column":2},"skip":true}]},"20":{"line":179,"type":"if","locations":[{"start":{"line":179,"column":2},"end":{"line":179,"column":2}},{"start":{"line":179,"column":2},"end":{"line":179,"column":2}}]},"21":{"line":192,"type":"if","locations":[{"start":{"line":192,"column":1},"end":{"line":192,"column":1}},{"start":{"line":192,"column":1},"end":{"line":192,"column":1}}]},"22":{"line":200,"type":"if","locations":[{"start":{"line":200,"column":2},"end":{"line":200,"column":2},"skip":true},{"start":{"line":200,"column":2},"end":{"line":200,"column":2},"skip":true}]},"23":{"line":201,"type":"if","locations":[{"start":{"line":201,"column":2},"end":{"line":201,"column":2}},{"start":{"line":201,"column":2},"end":{"line":201,"column":2}}]},"24":{"line":201,"type":"binary-expr","locations":[{"start":{"line":201,"column":5},"end":{"line":201,"column":36}},{"start":{"line":201,"column":40},"end":{"line":201,"column":70}}]},"25":{"line":216,"type":"if","locations":[{"start":{"line":216,"column":2},"end":{"line":216,"column":2},"skip":true},{"start":{"line":216,"column":2},"end":{"line":216,"column":2},"skip":true}]},"26":{"line":217,"type":"if","locations":[{"start":{"line":217,"column":2},"end":{"line":217,"column":2}},{"start":{"line":217,"column":2},"end":{"line":217,"column":2}}]}}},"/Users/jameswolfe/Desktop/University Work/calendar API/schema/schema.js":{"path":"/Users/jameswolfe/Desktop/University Work/calendar API/schema/schema.js","s":{"1":1,"2":1,"3":1,"4":1,"5":1,"6":1,"7":1,"8":1,"9":1,"10":1,"11":1},"b":{},"f":{"1":1,"2":1},"fnMap":{"1":{"name":"(anonymous_1)","line":31,"loc":{"start":{"line":31,"column":21},"end":{"line":31,"column":32}}},"2":{"name":"(anonymous_2)","line":32,"loc":{"start":{"line":32,"column":23},"end":{"line":32,"column":34}}}},"statementMap":{"1":{"start":{"line":3,"column":0},"end":{"line":3,"column":36}},"2":{"start":{"line":5,"column":0},"end":{"line":8,"column":1}},"3":{"start":{"line":10,"column":0},"end":{"line":10,"column":94}},"4":{"start":{"line":12,"column":0},"end":{"line":15,"column":2}},"5":{"start":{"line":17,"column":0},"end":{"line":17,"column":49}},"6":{"start":{"line":19,"column":0},"end":{"line":27,"column":2}},"7":{"start":{"line":29,"column":0},"end":{"line":29,"column":70}},"8":{"start":{"line":31,"column":0},"end":{"line":36,"column":2}},"9":{"start":{"line":32,"column":3},"end":{"line":35,"column":5}},"10":{"start":{"line":33,"column":5},"end":{"line":33,"column":84}},"11":{"start":{"line":34,"column":5},"end":{"line":34,"column":20}}},"branchMap":{}}}