TN:
SF:/Users/jameswolfe/Desktop/University Work/calendar API/modules/auth.js
FNF:0
FNH:0
DA:8,1
DA:16,71
DA:17,71
DA:18,1
DA:20,71
DA:21,70
DA:22,1
DA:24,70
DA:33,70
DA:34,70
DA:35,70
DA:36,70
DA:46,70
DA:47,70
DA:48,70
LF:15
LH:15
BRDA:17,1,0,1
BRDA:17,1,1,70
BRDA:17,2,0,71
BRDA:17,2,1,70
BRDA:21,3,0,1
BRDA:21,3,1,69
BRDA:21,4,0,70
BRDA:21,4,1,69
BRDA:47,5,0,1
BRDA:47,5,1,69
BRF:10
BRH:10
end_of_record
TN:
SF:/Users/jameswolfe/Desktop/University Work/calendar API/calendar.js
FNF:0
FNH:0
DA:8,1
DA:9,1
DA:10,1
DA:11,1
DA:14,2
DA:15,2
DA:16,1
DA:18,1
DA:22,1
DA:23,0
DA:24,0
DA:26,0
DA:27,0
DA:37,26
DA:38,26
DA:39,26
DA:40,26
DA:42,0
DA:43,0
DA:53,20
DA:54,20
DA:55,20
DA:56,20
DA:58,0
DA:59,0
DA:69,9
DA:70,9
DA:71,9
DA:72,9
DA:74,0
DA:75,0
DA:85,1
DA:86,1
DA:87,1
DA:88,1
DA:90,0
DA:91,0
DA:102,7
DA:103,7
DA:104,7
DA:105,7
DA:107,0
DA:108,0
DA:118,1
DA:119,1
DA:120,1
DA:121,1
DA:123,0
DA:124,0
DA:134,1
DA:135,1
DA:136,1
DA:137,1
DA:139,0
DA:140,0
DA:151,3
DA:152,3
DA:153,3
DA:155,2
DA:156,2
DA:157,2
DA:159,1
DA:161,2
DA:162,2
DA:172,3
DA:173,3
DA:175,2
DA:176,2
DA:178,1
DA:180,2
DA:190,3
DA:191,3
DA:193,2
DA:194,2
DA:196,1
DA:198,2
DA:208,3
DA:209,3
DA:211,2
DA:212,2
DA:214,1
DA:216,2
DA:228,68
DA:229,68
DA:231,68
DA:232,68
DA:235,68
DA:236,68
DA:239,68
DA:240,68
DA:242,68
DA:244,0
DA:245,0
LF:93
LH:73
BRF:0
BRH:0
end_of_record
TN:
SF:/Users/jameswolfe/Desktop/University Work/calendar API/modules/directions.js
FN:18,(anonymous_1)
FN:32,(anonymous_2)
FN:46,(anonymous_3)
FN:59,apiCall
FNF:4
FNH:4
FNDA:4,(anonymous_1)
FNDA:4,(anonymous_2)
FNDA:4,(anonymous_3)
FNDA:12,apiCall
DA:8,1
DA:17,4
DA:18,4
DA:19,4
DA:20,4
DA:31,4
DA:32,4
DA:33,4
DA:34,4
DA:45,4
DA:46,4
DA:47,4
DA:48,4
DA:59,1
DA:60,12
DA:61,12
DA:62,12
DA:63,12
DA:64,12
DA:65,6
LF:20
LH:20
BRDA:19,1,0,2
BRDA:19,1,1,2
BRDA:33,2,0,2
BRDA:33,2,1,2
BRDA:47,3,0,2
BRDA:47,3,1,2
BRDA:64,4,0,6
BRDA:64,4,1,6
BRF:8
BRH:8
end_of_record
TN:
SF:/Users/jameswolfe/Desktop/University Work/calendar API/modules/events.js
FN:20,(anonymous_1)
FN:22,(anonymous_2)
FN:37,apiCall
FNF:3
FNH:3
FNDA:5,(anonymous_1)
FNDA:4,(anonymous_2)
FNDA:5,apiCall
DA:9,1
DA:18,5
DA:19,5
DA:20,5
DA:21,5
DA:22,5
DA:23,4
DA:24,4
DA:26,3
DA:37,1
DA:38,5
DA:39,5
DA:40,5
DA:41,5
DA:42,5
DA:43,5
DA:44,3
DA:45,3
DA:46,3
LF:19
LH:19
BRDA:21,1,0,2
BRDA:21,1,1,3
BRDA:43,2,0,2
BRDA:43,2,1,3
BRF:4
BRH:4
end_of_record
TN:
SF:/Users/jameswolfe/Desktop/University Work/calendar API/modules/data.js
FN:17,validateAppointment
FN:55,(anonymous_2)
FN:68,(anonymous_3)
FN:82,(anonymous_4)
FN:96,(anonymous_5)
FN:125,(anonymous_6)
FN:139,(anonymous_7)
FN:154,(anonymous_8)
FN:176,(anonymous_9)
FN:198,(anonymous_10)
FN:214,(anonymous_11)
FNF:11
FNH:11
FNDA:82,validateAppointment
FNDA:2,(anonymous_2)
FNDA:68,(anonymous_3)
FNDA:1,(anonymous_4)
FNDA:35,(anonymous_5)
FNDA:73,(anonymous_6)
FNDA:14,(anonymous_7)
FNDA:3,(anonymous_8)
FNDA:4,(anonymous_9)
FNDA:10,(anonymous_10)
FNDA:13,(anonymous_11)
DA:8,1
DA:9,1
DA:17,1
DA:18,82
DA:19,2
DA:20,2
DA:22,80
DA:23,1
DA:24,1
DA:26,79
DA:27,1
DA:28,1
DA:30,78
DA:31,1
DA:32,1
DA:34,77
DA:35,1
DA:36,1
DA:38,76
DA:47,2
DA:48,2
DA:49,1
DA:51,2
DA:55,2
DA:56,2
DA:57,2
DA:67,68
DA:68,68
DA:69,68
DA:70,68
DA:71,68
DA:81,1
DA:82,1
DA:84,1
DA:85,1
DA:95,35
DA:96,35
DA:98,35
DA:99,35
DA:109,78
DA:110,78
DA:111,78
DA:112,5
DA:114,73
DA:115,73
DA:116,73
DA:125,73
DA:126,73
DA:127,73
DA:138,14
DA:139,14
DA:141,14
DA:142,14
DA:153,3
DA:154,3
DA:156,3
DA:157,3
DA:158,3
DA:170,4
DA:171,4
DA:172,4
DA:173,1
DA:175,4
DA:176,4
DA:178,4
DA:179,4
DA:180,4
DA:191,10
DA:192,10
DA:193,1
DA:195,10
DA:196,10
DA:197,10
DA:198,10
DA:200,10
DA:201,10
DA:202,10
DA:213,13
DA:214,13
DA:216,13
DA:217,13
DA:218,13
LF:82
LH:82
BRDA:18,1,0,2
BRDA:18,1,1,80
BRDA:22,2,0,1
BRDA:22,2,1,79
BRDA:26,3,0,1
BRDA:26,3,1,78
BRDA:30,4,0,1
BRDA:30,4,1,77
BRDA:34,5,0,1
BRDA:34,5,1,76
BRDA:48,6,0,1
BRDA:48,6,1,1
BRDA:48,7,0,2
BRDA:48,7,1,1
BRDA:56,8,0,0
BRDA:56,8,1,2
BRDA:69,9,0,0
BRDA:69,9,1,68
BRDA:70,10,0,68
BRDA:70,10,1,0
BRDA:84,11,0,0
BRDA:84,11,1,1
BRDA:98,12,0,0
BRDA:98,12,1,35
BRDA:111,13,0,5
BRDA:111,13,1,73
BRDA:126,14,0,0
BRDA:126,14,1,73
BRDA:141,15,0,0
BRDA:141,15,1,14
BRDA:156,16,0,0
BRDA:156,16,1,3
BRDA:157,17,0,1
BRDA:157,17,1,2
BRDA:172,18,0,1
BRDA:172,18,1,3
BRDA:178,19,0,0
BRDA:178,19,1,4
BRDA:179,20,0,1
BRDA:179,20,1,3
BRDA:192,21,0,1
BRDA:192,21,1,9
BRDA:200,22,0,0
BRDA:200,22,1,10
BRDA:201,23,0,2
BRDA:201,23,1,8
BRDA:201,24,0,10
BRDA:201,24,1,10
BRDA:216,25,0,0
BRDA:216,25,1,13
BRDA:217,26,0,4
BRDA:217,26,1,9
BRF:52
BRH:48
end_of_record
TN:
SF:/Users/jameswolfe/Desktop/University Work/calendar API/schema/schema.js
FN:31,(anonymous_1)
FN:32,(anonymous_2)
FNF:2
FNH:2
FNDA:1,(anonymous_1)
FNDA:1,(anonymous_2)
DA:3,1
DA:5,1
DA:10,1
DA:12,1
DA:17,1
DA:19,1
DA:29,1
DA:31,1
DA:32,1
DA:33,1
DA:34,1
LF:11
LH:11
BRF:0
BRH:0
end_of_record
